<?xml version="1.0" encoding="UTF-8"?>
<!-- Generated by org.testng.reporters.JUnitReportReporter -->
<testsuite skipped="0" hostname="DESKTOP-LLLGMOJ" name="testngsamples.Actitime_ExceptionAndTimeout" tests="2" failures="0" timestamp="16 Sep 2022 15:30:27 GMT" time="0.002" errors="0">
  <testcase name="executetimeOut" time="0.001" classname="testngsamples.Actitime_ExceptionAndTimeout"/>
  <testcase name="dividedByZeroExample1" time="0.001" classname="testngsamples.Actitime_ExceptionAndTimeout"/>
</testsuite> <!-- testngsamples.Actitime_ExceptionAndTimeout -->
