<?xml version="1.0" encoding="UTF-8"?>
<!-- Generated by org.testng.reporters.JUnitReportReporter -->
<testsuite skipped="0" hostname="DESKTOP-LLLGMOJ" name="testngsamples.Actitime_Timeout" tests="1" failures="0" timestamp="16 Sep 2022 15:30:27 GMT" time="0.191" errors="0">
  <testcase name="openBrowserAndAppURL" time="0.191" classname="testngsamples.Actitime_Timeout"/>
</testsuite> <!-- testngsamples.Actitime_Timeout -->
