<?xml version="1.0" encoding="UTF-8"?>
<!-- Generated by org.testng.reporters.JUnitReportReporter -->
<testsuite skipped="0" hostname="DESKTOP-LLLGMOJ" name="testngsamples.Actitime_InvocationCount" tests="5" failures="0" timestamp="16 Sep 2022 15:30:27 GMT" time="0.009" errors="0">
  <testcase name="openBrowserAndAppURL" time="0.008" classname="testngsamples.Actitime_InvocationCount"/>
  <testcase name="openBrowserAndAppURL" time="0.000" classname="testngsamples.Actitime_InvocationCount"/>
  <testcase name="openBrowserAndAppURL" time="0.001" classname="testngsamples.Actitime_InvocationCount"/>
  <testcase name="openBrowserAndAppURL" time="0.000" classname="testngsamples.Actitime_InvocationCount"/>
  <testcase name="openBrowserAndAppURL" time="0.000" classname="testngsamples.Actitime_InvocationCount"/>
</testsuite> <!-- testngsamples.Actitime_InvocationCount -->
