<?xml version="1.0" encoding="UTF-8"?>
<!-- Generated by org.testng.reporters.JUnitReportReporter -->
<testsuite skipped="2" hostname="DESKTOP-LLLGMOJ" name="testngsamples.Actitime_Enabled" tests="4" failures="0" timestamp="16 Sep 2022 15:30:27 GMT" time="0.001" errors="0">
  <testcase name="openBrowserAndAppURL" time="0.001" classname="testngsamples.Actitime_Enabled"/>
  <testcase name="createTask" time="0.000" classname="testngsamples.Actitime_Enabled"/>
  <testcase name="logoutClose" classname="testngsamples.Actitime_Enabled">
    <skipped/>
  </testcase> <!-- logoutClose -->
  <testcase name="login" classname="testngsamples.Actitime_Enabled">
    <skipped/>
  </testcase> <!-- login -->
</testsuite> <!-- testngsamples.Actitime_Enabled -->
