<?xml version="1.0" encoding="UTF-8"?>
<!-- Generated by org.testng.reporters.JUnitReportReporter -->
<testsuite skipped="0" hostname="DESKTOP-LLLGMOJ" name="testngsamples.FirstTestNgWebScript" tests="1" failures="0" timestamp="16 Sep 2022 15:30:27 GMT" time="12.667" errors="0">
  <testcase name="testCase1" time="12.667" classname="testngsamples.FirstTestNgWebScript"/>
</testsuite> <!-- testngsamples.FirstTestNgWebScript -->
