<?xml version="1.0" encoding="UTF-8"?>
<!-- Generated by org.testng.reporters.JUnitReportReporter -->
<testsuite skipped="0" hostname="DESKTOP-LLLGMOJ" name="testngsamples.Actitime_Priority" tests="4" failures="0" timestamp="16 Sep 2022 15:30:27 GMT" time="0.001" errors="0">
  <testcase name="openBrowserAndAppURL" time="0.000" classname="testngsamples.Actitime_Priority"/>
  <testcase name="login" time="0.001" classname="testngsamples.Actitime_Priority"/>
  <testcase name="createTask" time="0.000" classname="testngsamples.Actitime_Priority"/>
  <testcase name="logoutClose" time="0.000" classname="testngsamples.Actitime_Priority"/>
</testsuite> <!-- testngsamples.Actitime_Priority -->
