<?xml version="1.0" encoding="UTF-8"?>
<!-- Generated by org.testng.reporters.JUnitReportReporter -->
<testsuite hostname="DESKTOP-LLLGMOJ" failures="0" tests="1" name="datadriventesting.ExcelReading" time="0.790" errors="0" timestamp="13 Sep 2022 15:04:04 GMT" skipped="0">
  <testcase classname="datadriventesting.ExcelReading" name="getDiffTypeOfCellData" time="0.790"/>
</testsuite> <!-- datadriventesting.ExcelReading -->
