<?xml version="1.0" encoding="UTF-8"?>
<!-- Generated by org.testng.reporters.JUnitReportReporter -->
<testsuite hostname="DESKTOP-LLLGMOJ" failures="0" tests="2" name="testngsamples.GroupExamples" time="0.016" errors="0" timestamp="15 Sep 2022 14:55:04 GMT" skipped="0">
  <testcase classname="testngsamples.GroupExamples" name="testCaseThree" time="0.001"/>
  <testcase classname="testngsamples.GroupExamples" name="testCaseFive" time="0.015"/>
</testsuite> <!-- testngsamples.GroupExamples -->
