<?xml version="1.0" encoding="UTF-8"?>
<!-- Generated by org.testng.reporters.JUnitReportReporter -->
<testsuite hostname="DESKTOP-LLLGMOJ" failures="0" tests="4" name="testngsamples.Parameterization" time="11.108" errors="0" timestamp="15 Sep 2022 15:03:36 GMT" skipped="0">
  <testcase classname="testngsamples.Parameterization" name="testLoginOfVtiger" time="11.091"/>
  <testcase classname="testngsamples.Parameterization" name="testCaseThree" time="0.003"/>
  <testcase classname="testngsamples.Parameterization" name="testCaseOne" time="0.012"/>
  <testcase classname="testngsamples.Parameterization" name="testCaseTwo" time="0.002"/>
</testsuite> <!-- testngsamples.Parameterization -->
