<?xml version="1.0" encoding="UTF-8"?>
<!-- Generated by org.testng.reporters.JUnitReportReporter -->
<testsuite hostname="DESKTOP-LLLGMOJ" failures="0" tests="6" name="testngsamples.DataProviderExample" time="21.322" errors="0" timestamp="15 Sep 2022 15:15:08 GMT" skipped="0">
  <testcase classname="testngsamples.DataProviderExample" name="testLoginOfVtiger" time="12.051"/>
  <testcase classname="testngsamples.DataProviderExample" name="testLoginOfVtiger" time="5.596"/>
  <testcase classname="testngsamples.DataProviderExample" name="setData" time="0.008"/>
  <testcase classname="testngsamples.DataProviderExample" name="setData" time="0.002"/>
  <testcase classname="testngsamples.DataProviderExample" name="testLoginOfVtiger" time="3.654"/>
  <testcase classname="testngsamples.DataProviderExample" name="setData" time="0.011"/>
</testsuite> <!-- testngsamples.DataProviderExample -->
