<?xml version="1.0" encoding="UTF-8"?>
<!-- Generated by org.testng.reporters.JUnitReportReporter -->
<testsuite hostname="DESKTOP-LLLGMOJ" failures="0" tests="1" name="datadriventesting.ExcelUpdate" time="1.198" errors="0" timestamp="13 Sep 2022 15:09:09 GMT" skipped="0">
  <testcase classname="datadriventesting.ExcelUpdate" name="updateCellDetails" time="1.198"/>
</testsuite> <!-- datadriventesting.ExcelUpdate -->
